Insere: 991244 "Eliane Martins"
Insere: 991265 "Anamaria Gomide"
Insere: 991005 "Ariadne R. Carvalho"
Insere: 991179 "Cecília M. F. Rubira"
Insere: 991218 "Claudia B. Medeiros"
Insere: 991122 "Ricardo Torres"
Insere: 991162 "Célia P. de Mello"
Insere: 991021 "Heloisa V. da Rocha"
Insere: 991162 "Célia P. de Mello"
Nome repetido: "Célia P. de Mello"
Insere: 991035 "M. Beatriz de Toledo"
Insere: 991234 "Sandro Rigo"
Insere: 991068 "M. Cecília Baranauskas"
Insere: 991067 "Sílvia M. de Oliveira"
Insere: 991165 "Thelma C. S. Chiossi"
Insere: 991265 "Anamaria Gomide"
Nome repetido: "Anamaria Gomide"

Imprime Tabela: 13 aluno(s):
(0) 991179 "Cecília M. F. Rubira"
(0) 991067 "Sílvia M. de Oliveira"
(1) 991265 "Anamaria Gomide"
(1) 991035 "M. Beatriz de Toledo"
(2) 991234 "Sandro Rigo"
(4) 991005 "Ariadne R. Carvalho"
(4) 991021 "Heloisa V. da Rocha"
(4) 991068 "M. Cecília Baranauskas"
(6) 991244 "Eliane Martins"
(7) 991162 "Célia P. de Mello"
(8) 991218 "Claudia B. Medeiros"
(12) 991122 "Ricardo Torres"
(12) 991165 "Thelma C. S. Chiossi"

Remove: "Célia P. de Mello"
Remove: "Anamaria Gomide"
Remove: "Arnaldo V. Moura"
Nome inexistente: "Arnaldo V. Moura"

Imprime Tabela: 11 aluno(s):
(0) 991179 "Cecília M. F. Rubira"
(0) 991067 "Sílvia M. de Oliveira"
(1) 991035 "M. Beatriz de Toledo"
(2) 991234 "Sandro Rigo"
(4) 991005 "Ariadne R. Carvalho"
(4) 991021 "Heloisa V. da Rocha"
(4) 991068 "M. Cecília Baranauskas"
(6) 991244 "Eliane Martins"
(8) 991218 "Claudia B. Medeiros"
(12) 991122 "Ricardo Torres"
(12) 991165 "Thelma C. S. Chiossi"

Insere: 991265 "Anamaria Gomide"
Insere: 991165 "Thelma C. S. Chiossi"
Nome repetido: "Thelma C. S. Chiossi"

Imprime Tabela: 12 aluno(s):
(0) 991179 "Cecília M. F. Rubira"
(0) 991067 "Sílvia M. de Oliveira"
(1) 991265 "Anamaria Gomide"
(1) 991035 "M. Beatriz de Toledo"
(2) 991234 "Sandro Rigo"
(4) 991005 "Ariadne R. Carvalho"
(4) 991021 "Heloisa V. da Rocha"
(4) 991068 "M. Cecília Baranauskas"
(6) 991244 "Eliane Martins"
(8) 991218 "Claudia B. Medeiros"
(12) 991122 "Ricardo Torres"
(12) 991165 "Thelma C. S. Chiossi"

Consulta: "Heloisa V. da Rocha"
991021 "Heloisa V. da Rocha"
Consulta: "Arnaldo V. Moura"
Nome inexistente: "Arnaldo V. Moura"
Consulta: "Claudia B. Medeiros"
991218 "Claudia B. Medeiros"
Remove: "Anamaria Gomide"
Remove: "Ariadne R. Carvalho"
Remove: "Cecília M. F. Rubira"
Remove: "Claudia B. Medeiros"
Remove: "Ricardo Torres"
Remove: "Célia P. de Mello"
Nome inexistente: "Célia P. de Mello"
Remove: "Heloisa V. da Rocha"
Remove: "Célia P. de Mello"
Nome inexistente: "Célia P. de Mello"
Remove: "M. Beatriz de Toledo"
Remove: "Sandro Rigo"
Remove: "M. Cecília Baranauskas"
Remove: "Sílvia M. de Oliveira"
Remove: "Thelma C. S. Chiossi"
Remove: "Anamaria Gomide"
Nome inexistente: "Anamaria Gomide"

Imprime Tabela: 1 aluno(s):
(6) 991244 "Eliane Martins"

