Insere: 991104 "Alexandre Xavier Falcão"
Insere: 991033 "Arnaldo Vieira Moura"
Insere: 991205 "Arthur J. Catto"
Insere: 991120 "Celio C. Guimarães"
Insere: 991165 "Cid Carvalho de Souza"
Insere: 991237 "Cláudio L. Lucchesi"
Insere: 991024 "Edmundo M. Madeira"
Insere: 991041 "Fernando A. Vanini"
Insere: 991253 "Flávio Keidi Miyazawa"
Insere: 991168 "Geovane C. Magalhães"
Insere: 991151 "Guido S. de Araujo"
Insere: 991014 "Hans Liesenberg"
Insere: 991083 "Jacques Wainer"
Insere: 991052 "Jorge Stolfi"
Insere: 991248 "José de O. Freitas"
Insere: 991020 "João C. Setubal"
Insere: 991028 "João Meidanis"
Insere: 991271 "Luiz E. Buzato"
Insere: 991119 "Mário L. Côrtes"
Insere: 991295 "Nelson C. Machado"
Insere: 991062 "Nelson L. S. da Fonseca"
Insere: 991143 "Neucimar Jerônimo Leite"
Insere: 991068 "Paulo C. Centoducatte"
Insere: 991182 "Paulo Lício de Geus"
Insere: 991280 "Pedro J. de Rezende"
Insere: 991288 "Ricardo Anido"
Insere: 991190 "Ricardo Dahab"
Insere: 991255 "Ricardo Pannain"
Insere: 991122 "Ricardo Torres"
Insere: 991080 "Rogério Drummond"
Insere: 991234 "Sandro Rigo"
Insere: 991100 "Sindo V. Dias"
Insere: 991126 "Tomasz Kowaltowski"

Imprime Tabela: 33 aluno(s):
(0) 991024 "Edmundo M. Madeira"
(0) 991280 "Pedro J. de Rezende"
(1) 991205 "Arthur J. Catto"
(1) 991083 "Jacques Wainer"
(1) 991271 "Luiz E. Buzato"
(1) 991080 "Rogério Drummond"
(2) 991253 "Flávio Keidi Miyazawa"
(2) 991068 "Paulo C. Centoducatte"
(2) 991234 "Sandro Rigo"
(2) 991126 "Tomasz Kowaltowski"
(3) 991052 "Jorge Stolfi"
(3) 991119 "Mário L. Côrtes"
(3) 991255 "Ricardo Pannain"
(4) 991165 "Cid Carvalho de Souza"
(5) 991020 "João C. Setubal"
(5) 991182 "Paulo Lício de Geus"
(6) 991028 "João Meidanis"
(6) 991143 "Neucimar Jerônimo Leite"
(6) 991288 "Ricardo Anido"
(7) 991151 "Guido S. de Araujo"
(7) 991062 "Nelson L. S. da Fonseca"
(7) 991190 "Ricardo Dahab"
(8) 991041 "Fernando A. Vanini"
(8) 991248 "José de O. Freitas"
(8) 991295 "Nelson C. Machado"
(9) 991237 "Cláudio L. Lucchesi"
(9) 991168 "Geovane C. Magalhães"
(10) 991120 "Celio C. Guimarães"
(10) 991014 "Hans Liesenberg"
(11) 991033 "Arnaldo Vieira Moura"
(11) 991100 "Sindo V. Dias"
(12) 991104 "Alexandre Xavier Falcão"
(12) 991122 "Ricardo Torres"

Insere: 991190 "Ricardo Dahab"
Nome repetido: "Ricardo Dahab"
Insere: 991162 "Célia P. de Mello"
Remove: "Cid Carvalho de Souza"
Remove: "Alexandre Xavier Falcão"
Remove: "Tomasz Kowaltowski"
Remove: "Fulano de Tal"
Nome inexistente: "Fulano de Tal"
Remove: "Ricardo Torres"
Remove: "Sandro Rigo"
Remove: "Pedro"
Nome inexistente: "Pedro"

Imprime Tabela: 31 aluno(s):
(0) 991024 "Edmundo M. Madeira"
(0) 991280 "Pedro J. de Rezende"
(1) 991205 "Arthur J. Catto"
(1) 991083 "Jacques Wainer"
(1) 991271 "Luiz E. Buzato"
(1) 991080 "Rogério Drummond"
(2) 991253 "Flávio Keidi Miyazawa"
(2) 991068 "Paulo C. Centoducatte"
(2) 991234 "Sandro Rigo"
(2) 991126 "Tomasz Kowaltowski"
(3) 991052 "Jorge Stolfi"
(3) 991119 "Mário L. Côrtes"
(3) 991255 "Ricardo Pannain"
(5) 991020 "João C. Setubal"
(5) 991182 "Paulo Lício de Geus"
(6) 991028 "João Meidanis"
(6) 991143 "Neucimar Jerônimo Leite"
(6) 991288 "Ricardo Anido"
(7) 991151 "Guido S. de Araujo"
(7) 991062 "Nelson L. S. da Fonseca"
(7) 991190 "Ricardo Dahab"
(7) 991162 "Célia P. de Mello"
(8) 991041 "Fernando A. Vanini"
(8) 991248 "José de O. Freitas"
(8) 991295 "Nelson C. Machado"
(9) 991237 "Cláudio L. Lucchesi"
(9) 991168 "Geovane C. Magalhães"
(10) 991120 "Celio C. Guimarães"
(10) 991014 "Hans Liesenberg"
(11) 991033 "Arnaldo Vieira Moura"
(11) 991100 "Sindo V. Dias"

